#
# There is insufficient memory for the Java Runtime Environment to continue.
# Native memory allocation (malloc) failed to allocate 32744 bytes for ChunkPool::allocate
# Possible reasons:
#   The system is out of physical RAM or swap space
#   The process is running with CompressedOops enabled, and the Java Heap may be blocking the growth of the native heap
# Possible solutions:
#   Reduce memory load on the system
#   Increase physical memory or swap space
#   Check if swap backing store is full
#   Decrease Java heap size (-Xmx/-Xms)
#   Decrease number of Java threads
#   Decrease Java thread stack sizes (-Xss)
#   Set larger code cache with -XX:ReservedCodeCacheSize=
#   JVM is running with Unscaled Compressed Oops mode in which the Java heap is
#     placed in the first 4GB address space. The Java Heap base address is the
#     maximum limit for the native heap growth. Please use -XX:HeapBaseMinAddress
#     to set the Java Heap base and to place the Java Heap above 4GB virtual address.
# This output file may be truncated or incomplete.
#
#  Out of Memory Error (./src/hotspot/share/memory/arena.cpp:81), pid=20576, tid=15868
#
# JRE version: OpenJDK Runtime Environment Corretto-11.0.13.8.1 (11.0.13+8) (build 11.0.13+8-LTS)
# Java VM: OpenJDK 64-Bit Server VM Corretto-11.0.13.8.1 (11.0.13+8-LTS, mixed mode, tiered, compressed oops, g1 gc, windows-amd64)
# No core dump will be written. Minidumps are not enabled by default on client versions of Windows
#

---------------  S U M M A R Y ------------

Command Line: -XX:TieredStopAtLevel=1 -Xverify:none -Dspring.output.ansi.enabled=always -javaagent:C:\Program Files\JetBrains\IntelliJ IDEA 2021.3\lib\idea_rt.jar=63720:C:\Program Files\JetBrains\IntelliJ IDEA 2021.3\bin -Dcom.sun.management.jmxremote -Dspring.jmx.enabled=true -Dspring.liveBeansView.mbeanDomain -Dspring.application.admin.enabled=true -Dfile.encoding=UTF-8 mmsa.sokolserge.courseprojectdb.CourseprojectdbApplication

Host: Intel(R) Core(TM) i7-8550U CPU @ 1.80GHz, 8 cores, 7G,  Windows 10 , 64 bit Build 19041 (10.0.19041.1466)
Time: Wed Jan 19 23:07:46 2022 Восточная Европа (зима) elapsed time: 1.488048 seconds (0d 0h 0m 1s)

---------------  T H R E A D  ---------------

Current thread (0x00000206a1f0f800):  JavaThread "main" [_thread_in_vm, id=15868, stack(0x000000e1bca00000,0x000000e1bcb00000)]

Stack: [0x000000e1bca00000,0x000000e1bcb00000]
Native frames: (J=compiled Java code, j=interpreted, Vv=VM code, C=native code)
V  [jvm.dll+0x61ccaa]
V  [jvm.dll+0x7a9839]
V  [jvm.dll+0x7aaeff]
V  [jvm.dll+0x7ab5d3]
V  [jvm.dll+0x24f5d8]
V  [jvm.dll+0xc286b]
V  [jvm.dll+0xc2bcc]
V  [jvm.dll+0x1ce46f]
V  [jvm.dll+0x1cf265]
V  [jvm.dll+0x1cfd44]
V  [jvm.dll+0x1c4a89]
V  [jvm.dll+0x4f1965]
V  [jvm.dll+0x742169]
V  [jvm.dll+0x3f29d8]
V  [jvm.dll+0x3f8ccb]
C  [java.dll+0x19bc]

Java frames: (J=compiled Java code, j=interpreted, Vv=VM code)
j  java.lang.ClassLoader.defineClass1(Ljava/lang/ClassLoader;Ljava/lang/String;[BIILjava/security/ProtectionDomain;Ljava/lang/String;)Ljava/lang/Class;+0 java.base@11.0.13
j  java.lang.ClassLoader.defineClass(Ljava/lang/String;[BIILjava/security/ProtectionDomain;)Ljava/lang/Class;+27 java.base@11.0.13
j  java.security.SecureClassLoader.defineClass(Ljava/lang/String;[BIILjava/security/CodeSource;)Ljava/lang/Class;+12 java.base@11.0.13
j  jdk.internal.loader.BuiltinClassLoader.defineClass(Ljava/lang/String;Ljdk/internal/loader/Resource;)Ljava/lang/Class;+117 java.base@11.0.13
j  jdk.internal.loader.BuiltinClassLoader.findClassOnClassPathOrNull(Ljava/lang/String;)Ljava/lang/Class;+37 java.base@11.0.13
J 1117 c1 jdk.internal.loader.BuiltinClassLoader.loadClassOrNull(Ljava/lang/String;Z)Ljava/lang/Class; java.base@11.0.13 (143 bytes) @ 0x00000206aaee794c [0x00000206aaee74a0+0x00000000000004ac]
j  jdk.internal.loader.BuiltinClassLoader.loadClass(Ljava/lang/String;Z)Ljava/lang/Class;+3 java.base@11.0.13
j  jdk.internal.loader.ClassLoaders$AppClassLoader.loadClass(Ljava/lang/String;Z)Ljava/lang/Class;+36 java.base@11.0.13
j  java.lang.ClassLoader.loadClass(Ljava/lang/String;)Ljava/lang/Class;+3 java.base@11.0.13
v  ~StubRoutines::call_stub
j  org.springframework.boot.WebApplicationType.deduceFromClasspath()Lorg/springframework/boot/WebApplicationType;+3
j  org.springframework.boot.SpringApplication.<init>(Lorg/springframework/core/io/ResourceLoader;[Ljava/lang/Class;)V+105
j  org.springframework.boot.SpringApplication.<init>([Ljava/lang/Class;)V+3
j  org.springframework.boot.SpringApplication.run([Ljava/lang/Class;[Ljava/lang/String;)Lorg/springframework/context/ConfigurableApplicationContext;+5
j  org.springframework.boot.SpringApplication.run(Ljava/lang/Class;[Ljava/lang/String;)Lorg/springframework/context/ConfigurableApplicationContext;+9
j  mmsa.sokolserge.courseprojectdb.CourseprojectdbApplication.main([Ljava/lang/String;)V+3
v  ~StubRoutines::call_stub

---------------  P R O C E S S  ---------------

Threads class SMR info:
_java_thread_list=0x00000206c1f3a4c0, length=11, elements={
0x00000206a1f0f800, 0x00000206c0f3c800, 0x00000206c0f45800, 0x00000206c18a3800,
0x00000206c18a4800, 0x00000206c18a5800, 0x00000206c18a9800, 0x00000206c18b9000,
0x00000206c0ebf000, 0x00000206c1d4b000, 0x00000206c1f36000
}

Java Threads: ( => current thread )
=>0x00000206a1f0f800 JavaThread "main" [_thread_in_vm, id=15868, stack(0x000000e1bca00000,0x000000e1bcb00000)]
  0x00000206c0f3c800 JavaThread "Reference Handler" daemon [_thread_blocked, id=8368, stack(0x000000e1bd100000,0x000000e1bd200000)]
  0x00000206c0f45800 JavaThread "Finalizer" daemon [_thread_blocked, id=20332, stack(0x000000e1bd200000,0x000000e1bd300000)]
  0x00000206c18a3800 JavaThread "Signal Dispatcher" daemon [_thread_blocked, id=20912, stack(0x000000e1bd300000,0x000000e1bd400000)]
  0x00000206c18a4800 JavaThread "Attach Listener" daemon [_thread_blocked, id=12776, stack(0x000000e1bd400000,0x000000e1bd500000)]
  0x00000206c18a5800 JavaThread "Service Thread" daemon [_thread_blocked, id=21220, stack(0x000000e1bd500000,0x000000e1bd600000)]
  0x00000206c18a9800 JavaThread "C1 CompilerThread0" daemon [_thread_in_native, id=6012, stack(0x000000e1bd600000,0x000000e1bd700000)]
  0x00000206c18b9000 JavaThread "Sweeper thread" daemon [_thread_blocked, id=20832, stack(0x000000e1bd700000,0x000000e1bd800000)]
  0x00000206c0ebf000 JavaThread "Common-Cleaner" daemon [_thread_blocked, id=21016, stack(0x000000e1bd800000,0x000000e1bd900000)]
  0x00000206c1d4b000 JavaThread "Monitor Ctrl-Break" daemon [_thread_in_native, id=1744, stack(0x000000e1bd900000,0x000000e1bda00000)]
  0x00000206c1f36000 JavaThread "RMI TCP Accept-0" daemon [_thread_in_native, id=20060, stack(0x000000e1bda00000,0x000000e1bdb00000)]

Other Threads:
  0x00000206c0f02800 VMThread "VM Thread" [stack: 0x000000e1bd000000,0x000000e1bd100000] [id=4428]
  0x00000206c1f4a800 WatcherThread [stack: 0x000000e1bdb00000,0x000000e1bdc00000] [id=17668]
  0x00000206a1f26000 GCTaskThread "GC Thread#0" [stack: 0x000000e1bcb00000,0x000000e1bcc00000] [id=1372]
  0x00000206a1f58000 ConcurrentGCThread "G1 Main Marker" [stack: 0x000000e1bcc00000,0x000000e1bcd00000] [id=16660]
  0x00000206a1f5c800 ConcurrentGCThread "G1 Conc#0" [stack: 0x000000e1bcd00000,0x000000e1bce00000] [id=17280]
  0x00000206a1fde000 ConcurrentGCThread "G1 Refine#0" [stack: 0x000000e1bce00000,0x000000e1bcf00000] [id=5228]
  0x00000206c0d70800 ConcurrentGCThread "G1 Young RemSet Sampling" [stack: 0x000000e1bcf00000,0x000000e1bd000000] [id=17544]

Threads with active compile tasks:
C1 CompilerThread0   1532 1119       1       java.net.URLStreamHandler::parseURL (1201 bytes)

VM state:not at safepoint (normal execution)

VM Mutex/Monitor currently owned by a thread: None

Heap address: 0x0000000081600000, size: 2026 MB, Compressed Oops mode: 32-bit
Narrow klass base: 0x0000000000000000, Narrow klass shift: 3
Compressed class space size: 1073741824 Address: 0x0000000100000000

Heap:
 garbage-first heap   total 131072K, used 18432K [0x0000000081600000, 0x0000000100000000)
  region size 1024K, 19 young (19456K), 0 survivors (0K)
 Metaspace       used 13435K, capacity 13848K, committed 14080K, reserved 1062912K
  class space    used 1367K, capacity 1510K, committed 1536K, reserved 1048576K
Heap Regions: E=young(eden), S=young(survivor), O=old, HS=humongous(starts), HC=humongous(continues), CS=collection set, F=free, A=archive, TAMS=top-at-mark-start (previous, next)
|   0|0x0000000081600000, 0x0000000081700000, 0x0000000081700000|100%|HS|  |TAMS 0x0000000081600000, 0x0000000081600000| Complete 
|   1|0x0000000081700000, 0x0000000081700000, 0x0000000081800000|  0%| F|  |TAMS 0x0000000081700000, 0x0000000081700000| Untracked 
|   2|0x0000000081800000, 0x0000000081800000, 0x0000000081900000|  0%| F|  |TAMS 0x0000000081800000, 0x0000000081800000| Untracked 
|   3|0x0000000081900000, 0x0000000081900000, 0x0000000081a00000|  0%| F|  |TAMS 0x0000000081900000, 0x0000000081900000| Untracked 
|   4|0x0000000081a00000, 0x0000000081a00000, 0x0000000081b00000|  0%| F|  |TAMS 0x0000000081a00000, 0x0000000081a00000| Untracked 
|   5|0x0000000081b00000, 0x0000000081b00000, 0x0000000081c00000|  0%| F|  |TAMS 0x0000000081b00000, 0x0000000081b00000| Untracked 
|   6|0x0000000081c00000, 0x0000000081c00000, 0x0000000081d00000|  0%| F|  |TAMS 0x0000000081c00000, 0x0000000081c00000| Untracked 
|   7|0x0000000081d00000, 0x0000000081d00000, 0x0000000081e00000|  0%| F|  |TAMS 0x0000000081d00000, 0x0000000081d00000| Untracked 
|   8|0x0000000081e00000, 0x0000000081e00000, 0x0000000081f00000|  0%| F|  |TAMS 0x0000000081e00000, 0x0000000081e00000| Untracked 
|   9|0x0000000081f00000, 0x0000000081f00000, 0x0000000082000000|  0%| F|  |TAMS 0x0000000081f00000, 0x0000000081f00000| Untracked 
|  10|0x0000000082000000, 0x0000000082000000, 0x0000000082100000|  0%| F|  |TAMS 0x0000000082000000, 0x0000000082000000| Untracked 
|  11|0x0000000082100000, 0x0000000082100000, 0x0000000082200000|  0%| F|  |TAMS 0x0000000082100000, 0x0000000082100000| Untracked 
|  12|0x0000000082200000, 0x0000000082200000, 0x0000000082300000|  0%| F|  |TAMS 0x0000000082200000, 0x0000000082200000| Untracked 
|  13|0x0000000082300000, 0x0000000082300000, 0x0000000082400000|  0%| F|  |TAMS 0x0000000082300000, 0x0000000082300000| Untracked 
|  14|0x0000000082400000, 0x0000000082400000, 0x0000000082500000|  0%| F|  |TAMS 0x0000000082400000, 0x0000000082400000| Untracked 
|  15|0x0000000082500000, 0x0000000082500000, 0x0000000082600000|  0%| F|  |TAMS 0x0000000082500000, 0x0000000082500000| Untracked 
|  16|0x0000000082600000, 0x0000000082600000, 0x0000000082700000|  0%| F|  |TAMS 0x0000000082600000, 0x0000000082600000| Untracked 
|  17|0x0000000082700000, 0x0000000082700000, 0x0000000082800000|  0%| F|  |TAMS 0x0000000082700000, 0x0000000082700000| Untracked 
|  18|0x0000000082800000, 0x0000000082800000, 0x0000000082900000|  0%| F|  |TAMS 0x0000000082800000, 0x0000000082800000| Untracked 
|  19|0x0000000082900000, 0x0000000082900000, 0x0000000082a00000|  0%| F|  |TAMS 0x0000000082900000, 0x0000000082900000| Untracked 
|  20|0x0000000082a00000, 0x0000000082a00000, 0x0000000082b00000|  0%| F|  |TAMS 0x0000000082a00000, 0x0000000082a00000| Untracked 
|  21|0x0000000082b00000, 0x0000000082b00000, 0x0000000082c00000|  0%| F|  |TAMS 0x0000000082b00000, 0x0000000082b00000| Untracked 
|  22|0x0000000082c00000, 0x0000000082c00000, 0x0000000082d00000|  0%| F|  |TAMS 0x0000000082c00000, 0x0000000082c00000| Untracked 
|  23|0x0000000082d00000, 0x0000000082d00000, 0x0000000082e00000|  0%| F|  |TAMS 0x0000000082d00000, 0x0000000082d00000| Untracked 
|  24|0x0000000082e00000, 0x0000000082e00000, 0x0000000082f00000|  0%| F|  |TAMS 0x0000000082e00000, 0x0000000082e00000| Untracked 
|  25|0x0000000082f00000, 0x0000000082f00000, 0x0000000083000000|  0%| F|  |TAMS 0x0000000082f00000, 0x0000000082f00000| Untracked 
|  26|0x0000000083000000, 0x0000000083000000, 0x0000000083100000|  0%| F|  |TAMS 0x0000000083000000, 0x0000000083000000| Untracked 
|  27|0x0000000083100000, 0x0000000083100000, 0x0000000083200000|  0%| F|  |TAMS 0x0000000083100000, 0x0000000083100000| Untracked 
|  28|0x0000000083200000, 0x0000000083200000, 0x0000000083300000|  0%| F|  |TAMS 0x0000000083200000, 0x0000000083200000| Untracked 
|  29|0x0000000083300000, 0x0000000083300000, 0x0000000083400000|  0%| F|  |TAMS 0x0000000083300000, 0x0000000083300000| Untracked 
|  30|0x0000000083400000, 0x0000000083400000, 0x0000000083500000|  0%| F|  |TAMS 0x0000000083400000, 0x0000000083400000| Untracked 
|  31|0x0000000083500000, 0x0000000083500000, 0x0000000083600000|  0%| F|  |TAMS 0x0000000083500000, 0x0000000083500000| Untracked 
|  32|0x0000000083600000, 0x0000000083600000, 0x0000000083700000|  0%| F|  |TAMS 0x0000000083600000, 0x0000000083600000| Untracked 
|  33|0x0000000083700000, 0x0000000083700000, 0x0000000083800000|  0%| F|  |TAMS 0x0000000083700000, 0x0000000083700000| Untracked 
|  34|0x0000000083800000, 0x0000000083800000, 0x0000000083900000|  0%| F|  |TAMS 0x0000000083800000, 0x0000000083800000| Untracked 
|  35|0x0000000083900000, 0x0000000083900000, 0x0000000083a00000|  0%| F|  |TAMS 0x0000000083900000, 0x0000000083900000| Untracked 
|  36|0x0000000083a00000, 0x0000000083a00000, 0x0000000083b00000|  0%| F|  |TAMS 0x0000000083a00000, 0x0000000083a00000| Untracked 
|  37|0x0000000083b00000, 0x0000000083b00000, 0x0000000083c00000|  0%| F|  |TAMS 0x0000000083b00000, 0x0000000083b00000| Untracked 
|  38|0x0000000083c00000, 0x0000000083c00000, 0x0000000083d00000|  0%| F|  |TAMS 0x0000000083c00000, 0x0000000083c00000| Untracked 
|  39|0x0000000083d00000, 0x0000000083d00000, 0x0000000083e00000|  0%| F|  |TAMS 0x0000000083d00000, 0x0000000083d00000| Untracked 
|  40|0x0000000083e00000, 0x0000000083e00000, 0x0000000083f00000|  0%| F|  |TAMS 0x0000000083e00000, 0x0000000083e00000| Untracked 
|  41|0x0000000083f00000, 0x0000000083f00000, 0x0000000084000000|  0%| F|  |TAMS 0x0000000083f00000, 0x0000000083f00000| Untracked 
|  42|0x0000000084000000, 0x0000000084000000, 0x0000000084100000|  0%| F|  |TAMS 0x0000000084000000, 0x0000000084000000| Untracked 
|  43|0x0000000084100000, 0x0000000084100000, 0x0000000084200000|  0%| F|  |TAMS 0x0000000084100000, 0x0000000084100000| Untracked 
|  44|0x0000000084200000, 0x0000000084200000, 0x0000000084300000|  0%| F|  |TAMS 0x0000000084200000, 0x0000000084200000| Untracked 
|  45|0x0000000084300000, 0x0000000084300000, 0x0000000084400000|  0%| F|  |TAMS 0x0000000084300000, 0x0000000084300000| Untracked 
|  46|0x0000000084400000, 0x0000000084400000, 0x0000000084500000|  0%| F|  |TAMS 0x0000000084400000, 0x0000000084400000| Untracked 
|  47|0x0000000084500000, 0x0000000084500000, 0x0000000084600000|  0%| F|  |TAMS 0x0000000084500000, 0x0000000084500000| Untracked 
|  48|0x0000000084600000, 0x0000000084600000, 0x0000000084700000|  0%| F|  |TAMS 0x0000000084600000, 0x0000000084600000| Untracked 
|  49|0x0000000084700000, 0x0000000084700000, 0x0000000084800000|  0%| F|  |TAMS 0x0000000084700000, 0x0000000084700000| Untracked 
|  50|0x0000000084800000, 0x0000000084800000, 0x0000000084900000|  0%| F|  |TAMS 0x0000000084800000, 0x0000000084800000| Untracked 
|  51|0x0000000084900000, 0x0000000084900000, 0x0000000084a00000|  0%| F|  |TAMS 0x0000000084900000, 0x0000000084900000| Untracked 
|  52|0x0000000084a00000, 0x0000000084a00000, 0x0000000084b00000|  0%| F|  |TAMS 0x0000000084a00000, 0x0000000084a00000| Untracked 
|  53|0x0000000084b00000, 0x0000000084b00000, 0x0000000084c00000|  0%| F|  |TAMS 0x0000000084b00000, 0x0000000084b00000| Untracked 
|  54|0x0000000084c00000, 0x0000000084c00000, 0x0000000084d00000|  0%| F|  |TAMS 0x0000000084c00000, 0x0000000084c00000| Untracked 
|  55|0x0000000084d00000, 0x0000000084d00000, 0x0000000084e00000|  0%| F|  |TAMS 0x0000000084d00000, 0x0000000084d00000| Untracked 
|  56|0x0000000084e00000, 0x0000000084e00000, 0x0000000084f00000|  0%| F|  |TAMS 0x0000000084e00000, 0x0000000084e00000| Untracked 
|  57|0x0000000084f00000, 0x0000000084f00000, 0x0000000085000000|  0%| F|  |TAMS 0x0000000084f00000, 0x0000000084f00000| Untracked 
|  58|0x0000000085000000, 0x0000000085000000, 0x0000000085100000|  0%| F|  |TAMS 0x0000000085000000, 0x0000000085000000| Untracked 
|  59|0x0000000085100000, 0x0000000085100000, 0x0000000085200000|  0%| F|  |TAMS 0x0000000085100000, 0x0000000085100000| Untracked 
|  60|0x0000000085200000, 0x0000000085200000, 0x0000000085300000|  0%| F|  |TAMS 0x0000000085200000, 0x0000000085200000| Untracked 
|  61|0x0000000085300000, 0x0000000085300000, 0x0000000085400000|  0%| F|  |TAMS 0x0000000085300000, 0x0000000085300000| Untracked 
|  62|0x0000000085400000, 0x0000000085400000, 0x0000000085500000|  0%| F|  |TAMS 0x0000000085400000, 0x0000000085400000| Untracked 
|  63|0x0000000085500000, 0x0000000085500000, 0x0000000085600000|  0%| F|  |TAMS 0x0000000085500000, 0x0000000085500000| Untracked 
|  64|0x0000000085600000, 0x0000000085600000, 0x0000000085700000|  0%| F|  |TAMS 0x0000000085600000, 0x0000000085600000| Untracked 
|  65|0x0000000085700000, 0x0000000085700000, 0x0000000085800000|  0%| F|  |TAMS 0x0000000085700000, 0x0000000085700000| Untracked 
|  66|0x0000000085800000, 0x0000000085800000, 0x0000000085900000|  0%| F|  |TAMS 0x0000000085800000, 0x0000000085800000| Untracked 
|  67|0x0000000085900000, 0x0000000085900000, 0x0000000085a00000|  0%| F|  |TAMS 0x0000000085900000, 0x0000000085900000| Untracked 
|  68|0x0000000085a00000, 0x0000000085a00000, 0x0000000085b00000|  0%| F|  |TAMS 0x0000000085a00000, 0x0000000085a00000| Untracked 
|  69|0x0000000085b00000, 0x0000000085b00000, 0x0000000085c00000|  0%| F|  |TAMS 0x0000000085b00000, 0x0000000085b00000| Untracked 
|  70|0x0000000085c00000, 0x0000000085c00000, 0x0000000085d00000|  0%| F|  |TAMS 0x0000000085c00000, 0x0000000085c00000| Untracked 
|  71|0x0000000085d00000, 0x0000000085d00000, 0x0000000085e00000|  0%| F|  |TAMS 0x0000000085d00000, 0x0000000085d00000| Untracked 
|  72|0x0000000085e00000, 0x0000000085e00000, 0x0000000085f00000|  0%| F|  |TAMS 0x0000000085e00000, 0x0000000085e00000| Untracked 
|  73|0x0000000085f00000, 0x0000000085f00000, 0x0000000086000000|  0%| F|  |TAMS 0x0000000085f00000, 0x0000000085f00000| Untracked 
|  74|0x0000000086000000, 0x0000000086000000, 0x0000000086100000|  0%| F|  |TAMS 0x0000000086000000, 0x0000000086000000| Untracked 
|  75|0x0000000086100000, 0x0000000086100000, 0x0000000086200000|  0%| F|  |TAMS 0x0000000086100000, 0x0000000086100000| Untracked 
|  76|0x0000000086200000, 0x0000000086200000, 0x0000000086300000|  0%| F|  |TAMS 0x0000000086200000, 0x0000000086200000| Untracked 
|  77|0x0000000086300000, 0x0000000086300000, 0x0000000086400000|  0%| F|  |TAMS 0x0000000086300000, 0x0000000086300000| Untracked 
|  78|0x0000000086400000, 0x0000000086400000, 0x0000000086500000|  0%| F|  |TAMS 0x0000000086400000, 0x0000000086400000| Untracked 
|  79|0x0000000086500000, 0x0000000086500000, 0x0000000086600000|  0%| F|  |TAMS 0x0000000086500000, 0x0000000086500000| Untracked 
|  80|0x0000000086600000, 0x0000000086600000, 0x0000000086700000|  0%| F|  |TAMS 0x0000000086600000, 0x0000000086600000| Untracked 
|  81|0x0000000086700000, 0x0000000086700000, 0x0000000086800000|  0%| F|  |TAMS 0x0000000086700000, 0x0000000086700000| Untracked 
|  82|0x0000000086800000, 0x0000000086800000, 0x0000000086900000|  0%| F|  |TAMS 0x0000000086800000, 0x0000000086800000| Untracked 
|  83|0x0000000086900000, 0x0000000086900000, 0x0000000086a00000|  0%| F|  |TAMS 0x0000000086900000, 0x0000000086900000| Untracked 
|  84|0x0000000086a00000, 0x0000000086a00000, 0x0000000086b00000|  0%| F|  |TAMS 0x0000000086a00000, 0x0000000086a00000| Untracked 
|  85|0x0000000086b00000, 0x0000000086b00000, 0x0000000086c00000|  0%| F|  |TAMS 0x0000000086b00000, 0x0000000086b00000| Untracked 
|  86|0x0000000086c00000, 0x0000000086c00000, 0x0000000086d00000|  0%| F|  |TAMS 0x0000000086c00000, 0x0000000086c00000| Untracked 
|  87|0x0000000086d00000, 0x0000000086d00000, 0x0000000086e00000|  0%| F|  |TAMS 0x0000000086d00000, 0x0000000086d00000| Untracked 
|  88|0x0000000086e00000, 0x0000000086e00000, 0x0000000086f00000|  0%| F|  |TAMS 0x0000000086e00000, 0x0000000086e00000| Untracked 
|  89|0x0000000086f00000, 0x0000000086f00000, 0x0000000087000000|  0%| F|  |TAMS 0x0000000086f00000, 0x0000000086f00000| Untracked 
|  90|0x0000000087000000, 0x0000000087000000, 0x0000000087100000|  0%| F|  |TAMS 0x0000000087000000, 0x0000000087000000| Untracked 
|  91|0x0000000087100000, 0x0000000087100000, 0x0000000087200000|  0%| F|  |TAMS 0x0000000087100000, 0x0000000087100000| Untracked 
|  92|0x0000000087200000, 0x0000000087200000, 0x0000000087300000|  0%| F|  |TAMS 0x0000000087200000, 0x0000000087200000| Untracked 
|  93|0x0000000087300000, 0x0000000087300000, 0x0000000087400000|  0%| F|  |TAMS 0x0000000087300000, 0x0000000087300000| Untracked 
|  94|0x0000000087400000, 0x0000000087400000, 0x0000000087500000|  0%| F|  |TAMS 0x0000000087400000, 0x0000000087400000| Untracked 
|  95|0x0000000087500000, 0x0000000087500000, 0x0000000087600000|  0%| F|  |TAMS 0x0000000087500000, 0x0000000087500000| Untracked 
|  96|0x0000000087600000, 0x0000000087600000, 0x0000000087700000|  0%| F|  |TAMS 0x0000000087600000, 0x0000000087600000| Untracked 
|  97|0x0000000087700000, 0x0000000087700000, 0x0000000087800000|  0%| F|  |TAMS 0x0000000087700000, 0x0000000087700000| Untracked 
|  98|0x0000000087800000, 0x0000000087800000, 0x0000000087900000|  0%| F|  |TAMS 0x0000000087800000, 0x0000000087800000| Untracked 
|  99|0x0000000087900000, 0x0000000087900000, 0x0000000087a00000|  0%| F|  |TAMS 0x0000000087900000, 0x0000000087900000| Untracked 
| 100|0x0000000087a00000, 0x0000000087a00000, 0x0000000087b00000|  0%| F|  |TAMS 0x0000000087a00000, 0x0000000087a00000| Untracked 
| 101|0x0000000087b00000, 0x0000000087b00000, 0x0000000087c00000|  0%| F|  |TAMS 0x0000000087b00000, 0x0000000087b00000| Untracked 
| 102|0x0000000087c00000, 0x0000000087c00000, 0x0000000087d00000|  0%| F|  |TAMS 0x0000000087c00000, 0x0000000087c00000| Untracked 
| 103|0x0000000087d00000, 0x0000000087d00000, 0x0000000087e00000|  0%| F|  |TAMS 0x0000000087d00000, 0x0000000087d00000| Untracked 
| 104|0x0000000087e00000, 0x0000000087e00000, 0x0000000087f00000|  0%| F|  |TAMS 0x0000000087e00000, 0x0000000087e00000| Untracked 
| 105|0x0000000087f00000, 0x0000000087f00000, 0x0000000088000000|  0%| F|  |TAMS 0x0000000087f00000, 0x0000000087f00000| Untracked 
| 106|0x0000000088000000, 0x0000000088000000, 0x0000000088100000|  0%| F|  |TAMS 0x0000000088000000, 0x0000000088000000| Untracked 
| 107|0x0000000088100000, 0x0000000088100000, 0x0000000088200000|  0%| F|  |TAMS 0x0000000088100000, 0x0000000088100000| Untracked 
| 108|0x0000000088200000, 0x0000000088200000, 0x0000000088300000|  0%| F|  |TAMS 0x0000000088200000, 0x0000000088200000| Untracked 
| 109|0x0000000088300000, 0x00000000883f64d8, 0x0000000088400000| 96%| E|  |TAMS 0x0000000088300000, 0x0000000088300000| Complete 
| 110|0x0000000088400000, 0x0000000088500000, 0x0000000088500000|100%| E|CS|TAMS 0x0000000088400000, 0x0000000088400000| Complete 
| 111|0x0000000088500000, 0x0000000088600000, 0x0000000088600000|100%| E|CS|TAMS 0x0000000088500000, 0x0000000088500000| Complete 
| 112|0x0000000088600000, 0x0000000088700000, 0x0000000088700000|100%| E|CS|TAMS 0x0000000088600000, 0x0000000088600000| Complete 
| 113|0x0000000088700000, 0x0000000088800000, 0x0000000088800000|100%| E|CS|TAMS 0x0000000088700000, 0x0000000088700000| Complete 
| 114|0x0000000088800000, 0x0000000088900000, 0x0000000088900000|100%| E|CS|TAMS 0x0000000088800000, 0x0000000088800000| Complete 
| 115|0x0000000088900000, 0x0000000088a00000, 0x0000000088a00000|100%| E|  |TAMS 0x0000000088900000, 0x0000000088900000| Complete 
| 116|0x0000000088a00000, 0x0000000088b00000, 0x0000000088b00000|100%| E|CS|TAMS 0x0000000088a00000, 0x0000000088a00000| Complete 
| 117|0x0000000088b00000, 0x0000000088c00000, 0x0000000088c00000|100%| E|CS|TAMS 0x0000000088b00000, 0x0000000088b00000| Complete 
| 118|0x0000000088c00000, 0x0000000088d00000, 0x0000000088d00000|100%| E|CS|TAMS 0x0000000088c00000, 0x0000000088c00000| Complete 
| 119|0x0000000088d00000, 0x0000000088e00000, 0x0000000088e00000|100%| E|CS|TAMS 0x0000000088d00000, 0x0000000088d00000| Complete 
| 120|0x0000000088e00000, 0x0000000088f00000, 0x0000000088f00000|100%| E|CS|TAMS 0x0000000088e00000, 0x0000000088e00000| Complete 
| 121|0x0000000088f00000, 0x0000000089000000, 0x0000000089000000|100%| E|CS|TAMS 0x0000000088f00000, 0x0000000088f00000| Complete 
| 122|0x0000000089000000, 0x0000000089100000, 0x0000000089100000|100%| E|CS|TAMS 0x0000000089000000, 0x0000000089000000| Complete 
| 123|0x0000000089100000, 0x0000000089200000, 0x0000000089200000|100%| E|CS|TAMS 0x0000000089100000, 0x0000000089100000| Complete 
| 124|0x0000000089200000, 0x0000000089300000, 0x0000000089300000|100%| E|CS|TAMS 0x0000000089200000, 0x0000000089200000| Complete 
| 125|0x0000000089300000, 0x0000000089400000, 0x0000000089400000|100%| E|CS|TAMS 0x0000000089300000, 0x0000000089300000| Complete 
| 126|0x0000000089400000, 0x0000000089500000, 0x0000000089500000|100%| E|CS|TAMS 0x0000000089400000, 0x0000000089400000| Complete 
| 127|0x0000000089500000, 0x0000000089600000, 0x0000000089600000|100%| E|CS|TAMS 0x0000000089500000, 0x0000000089500000| Complete 

Card table byte_map: [0x00000206b9d60000,0x00000206ba160000] _byte_map_base: 0x00000206b9955000

Marking Bits (Prev, Next): (CMBitMap*) 0x00000206a1f4f458, (CMBitMap*) 0x00000206a1f4f490
 Prev Bits: [0x00000206ba560000, 0x00000206bc508000)
 Next Bits: [0x00000206bc510000, 0x00000206be4b8000)

Polling page: 0x000002069fe20000

Metaspace:

Usage:
  Non-class:     12.05 MB capacity,    11.78 MB ( 98%) used,   242.29 KB (  2%) free+waste,    28.25 KB ( <1%) overhead. 
      Class:      1.47 MB capacity,     1.34 MB ( 91%) used,   128.64 KB (  9%) free+waste,    13.63 KB ( <1%) overhead. 
       Both:     13.52 MB capacity,    13.12 MB ( 97%) used,   370.93 KB (  3%) free+waste,    41.88 KB ( <1%) overhead. 

Virtual space:
  Non-class space:       14.00 MB reserved,      12.25 MB ( 88%) committed 
      Class space:        1.00 GB reserved,       1.50 MB ( <1%) committed 
             Both:        1.01 GB reserved,      13.75 MB (  1%) committed 

Chunk freelists:
   Non-Class:  14.00 KB
       Class:  26.00 KB
        Both:  40.00 KB

MaxMetaspaceSize: 17179869184.00 GB
CompressedClassSpaceSize: 1.00 GB
Initial GC threshold: 20.80 MB
Current GC threshold: 20.80 MB
CDS: off

CodeHeap 'non-profiled nmethods': size=238336Kb used=1505Kb max_used=1505Kb free=236830Kb
 bounds [0x00000206aad70000, 0x00000206aafe0000, 0x00000206b9630000]
CodeHeap 'non-nmethods': size=7424Kb used=1145Kb max_used=1145Kb free=6278Kb
 bounds [0x00000206aa630000, 0x00000206aa8a0000, 0x00000206aad70000]
 total_blobs=1526 nmethods=1118 adapters=336
 compilation: enabled
              stopped_count=0, restarted_count=0
 full_count=0

Compilation events (20 events):
Event: 1.459 Thread 0x00000206c18a9800 nmethod 1108 0x00000206aaee4a10 code [0x00000206aaee4bc0, 0x00000206aaee4cc8]
Event: 1.459 Thread 0x00000206c18a9800 1109       1       java.util.jar.Attributes::get (11 bytes)
Event: 1.459 Thread 0x00000206c18a9800 nmethod 1109 0x00000206aaee4d90 code [0x00000206aaee4f40, 0x00000206aaee5028]
Event: 1.459 Thread 0x00000206c18a9800 1110  s    1       java.util.Vector::addElement (24 bytes)
Event: 1.460 Thread 0x00000206c18a9800 nmethod 1110 0x00000206aaee5090 code [0x00000206aaee5260, 0x00000206aaee5698]
Event: 1.460 Thread 0x00000206c18a9800 1111       1       java.lang.NamedPackage::module (5 bytes)
Event: 1.460 Thread 0x00000206c18a9800 nmethod 1111 0x00000206aaee5890 code [0x00000206aaee5a40, 0x00000206aaee5af8]
Event: 1.461 Thread 0x00000206c18a9800 1112       1       java.lang.ClassLoader::getClassLoadingLock (35 bytes)
Event: 1.461 Thread 0x00000206c18a9800 nmethod 1112 0x00000206aaee6090 code [0x00000206aaee6240, 0x00000206aaee63a8]
Event: 1.461 Thread 0x00000206c18a9800 1113       1       java.lang.ClassLoader::findLoadedClass (16 bytes)
Event: 1.461 Thread 0x00000206c18a9800 nmethod 1113 0x00000206aaee6490 code [0x00000206aaee6660, 0x00000206aaee6798]
Event: 1.462 Thread 0x00000206c18a9800 1115       1       jdk.internal.loader.BuiltinClassLoader::findLoadedModule (33 bytes)
Event: 1.462 Thread 0x00000206c18a9800 nmethod 1115 0x00000206aaee6890 code [0x00000206aaee6a80, 0x00000206aaee6c78]
Event: 1.462 Thread 0x00000206c18a9800 1116       1       java.io.File::exists (43 bytes)
Event: 1.462 Thread 0x00000206c18a9800 nmethod 1116 0x00000206aaee6e10 code [0x00000206aaee6fe0, 0x00000206aaee7168]
Event: 1.463 Thread 0x00000206c18a9800 1117   !   1       jdk.internal.loader.BuiltinClassLoader::loadClassOrNull (143 bytes)
Event: 1.465 Thread 0x00000206c18a9800 nmethod 1117 0x00000206aaee7210 code [0x00000206aaee74a0, 0x00000206aaee7ca8]
Event: 1.465 Thread 0x00000206c18a9800 1118       1       jdk.internal.misc.SharedSecrets::javaUtilJarAccess (18 bytes)
Event: 1.465 Thread 0x00000206c18a9800 nmethod 1118 0x00000206aaee8390 code [0x00000206aaee8540, 0x00000206aaee8628]
Event: 1.468 Thread 0x00000206c18a9800 1119       1       java.net.URLStreamHandler::parseURL (1201 bytes)

GC Heap History (0 events):
No events

Deoptimization events (0 events):
No events

Classes redefined (0 events):
No events

Internal exceptions (16 events):
Event: 0.364 Thread 0x00000206a1f0f800 Exception <a 'java/lang/NoSuchMethodError'{0x0000000088d058a8}: 'java.lang.Object java.lang.invoke.DirectMethodHandle$Holder.invokeStaticInit(java.lang.Object, java.lang.Object, java.lang.Object)'> (0x0000000088d058a8) thrown at [./src/hotspot/share/interpreter/linkResolver.cpp, line 773]
Event: 0.367 Thread 0x00000206a1f0f800 Exception <a 'java/lang/NoSuchMethodError'{0x0000000088d1fcf0}: 'int java.lang.invoke.DirectMethodHandle$Holder.invokeInterface(java.lang.Object, java.lang.Object)'> (0x0000000088d1fcf0) thrown at [./src/hotspot/share/interpreter/linkResolver.cpp, line 773]
Event: 0.367 Thread 0x00000206a1f0f800 Exception <a 'java/lang/IncompatibleClassChangeError'{0x0000000088d22a68}: Found class java.lang.Object, but interface was expected> (0x0000000088d22a68) thrown at [./src/hotspot/share/interpreter/linkResolver.cpp, line 839]
Event: 0.399 Thread 0x00000206a1f0f800 Exception <a 'java/lang/NoSuchMethodError'{0x0000000088ded370}: 'java.lang.Object java.lang.invoke.DirectMethodHandle$Holder.invokeStatic(java.lang.Object, java.lang.Object, java.lang.Object, java.lang.Object, java.lang.Object, java.lang.Object, java.lang.Object, java.lang.Object, java.lang.Object, java.lang.Object, java.lang.Object, int)'> (0x0000000088ded370) thrown at [./src/hotspot/share/interpreter/linkResolver.cpp, line 773]
Event: 0.402 Thread 0x00000206a1f0f800 Exception <a 'java/lang/NoSuchMethodError'{0x0000000088c0be70}: 'java.lang.Object java.lang.invoke.DirectMethodHandle$Holder.invokeStatic(java.lang.Object, java.lang.Object, java.lang.Object, java.lang.Object, java.lang.Object, java.lang.Object, java.lang.Object, java.lang.Object, java.lang.Object, java.lang.Object, java.lang.Object, int, int)'> (0x0000000088c0be70) thrown at [./src/hotspot/share/interpreter/linkResolver.cpp, line 773]
Event: 0.404 Thread 0x00000206a1f0f800 Exception <a 'java/lang/NoSuchMethodError'{0x0000000088c2b1d8}: 'java.lang.Object java.lang.invoke.DirectMethodHandle$Holder.invokeStatic(java.lang.Object, java.lang.Object, java.lang.Object, java.lang.Object, java.lang.Object, java.lang.Object, java.lang.Object, java.lang.Object, java.lang.Object, java.lang.Object, java.lang.Object, int, int, java.lang.Object)'> (0x0000000088c2b1d8) thrown at [./src/hotspot/share/interpreter/linkResolver.cpp, line 773]
Event: 0.405 Thread 0x00000206a1f0f800 Exception <a 'java/lang/NoSuchMethodError'{0x0000000088c4bc70}: 'java.lang.Object java.lang.invoke.DirectMethodHandle$Holder.invokeStatic(java.lang.Object, java.lang.Object, java.lang.Object, java.lang.Object, java.lang.Object, java.lang.Object, java.lang.Object, java.lang.Object, java.lang.Object, java.lang.Object, java.lang.Object, int, int, java.lang.Object, java.lang.Object)'> (0x0000000088c4bc70) thrown at [./src/hotspot/share/interpreter/linkResolver.cpp, line 773]
Event: 0.470 Thread 0x00000206a1f0f800 Exception <a 'java/lang/NoSuchMethodError'{0x0000000088bef2d0}: 'int java.lang.invoke.DirectMethodHandle$Holder.invokeSpecialIFC(java.lang.Object, java.lang.Object, java.lang.Object)'> (0x0000000088bef2d0) thrown at [./src/hotspot/share/interpreter/linkResolver.cpp, line 773]
Event: 0.496 Thread 0x00000206a1f0f800 Exception <a 'java/lang/NoSuchMethodError'{0x0000000088a48180}: 'java.lang.Object java.lang.invoke.DirectMethodHandle$Holder.invokeStatic(java.lang.Object, int, int, int, int)'> (0x0000000088a48180) thrown at [./src/hotspot/share/interpreter/linkResolver.cpp, line 773]
Event: 0.496 Thread 0x00000206a1f0f800 Exception <a 'java/lang/NoSuchMethodError'{0x0000000088a4b2a8}: 'java.lang.Object java.lang.invoke.DirectMethodHandle$Holder.invokeStaticInit(java.lang.Object, int, int, int, int)'> (0x0000000088a4b2a8) thrown at [./src/hotspot/share/interpreter/linkResolver.cpp, line 773]
Event: 1.260 Thread 0x00000206a1f0f800 Exception <a 'java/lang/NoSuchMethodError'{0x0000000088914838}: 'java.lang.Object java.lang.invoke.DirectMethodHandle$Holder.invokeStatic(java.lang.Object, java.lang.Object, int, int, int, int)'> (0x0000000088914838) thrown at [./src/hotspot/share/interpreter/linkResolver.cpp, line 773]
Event: 1.260 Thread 0x00000206a1f0f800 Exception <a 'java/lang/NoSuchMethodError'{0x0000000088917b90}: 'java.lang.Object java.lang.invoke.DirectMethodHandle$Holder.invokeStaticInit(java.lang.Object, java.lang.Object, int, int, int, int)'> (0x0000000088917b90) thrown at [./src/hotspot/share/interpreter/linkResolver.cpp, line 773]
Event: 1.274 Thread 0x00000206a1f0f800 Exception <a 'java/lang/ClassNotFoundException'{0x0000000088938860}: javax/management/remote/rmi/RMIServerImpl_Skel> (0x0000000088938860) thrown at [./src/hotspot/share/classfile/systemDictionary.cpp, line 231]
Event: 1.339 Thread 0x00000206a1f0f800 Exception <a 'java/lang/ClassNotFoundException'{0x00000000887bd990}: javax/smartcardio/CardPermission> (0x00000000887bd990) thrown at [./src/hotspot/share/classfile/systemDictionary.cpp, line 231]
Event: 1.344 Thread 0x00000206a1f0f800 Exception <a 'java/io/FileNotFoundException'{0x00000000887cbc60}> (0x00000000887cbc60) thrown at [./src/hotspot/share/prims/jni.cpp, line 616]
Event: 1.408 Thread 0x00000206c18a4800 Exception <a 'java/lang/NoSuchMethodError'{0x00000000885835c0}: 'java.lang.Object java.lang.invoke.DirectMethodHandle$Holder.invokeStaticInit(java.lang.Object, int)'> (0x00000000885835c0) thrown at [./src/hotspot/share/interpreter/linkResolver.cpp, line 773]

Events (20 events):
Event: 1.469 loading class org/springframework/boot/WebApplicationType
Event: 1.469 loading class org/springframework/boot/WebApplicationType done
Event: 1.469 loading class org/springframework/boot/ApplicationContextFactory
Event: 1.469 loading class org/springframework/boot/ApplicationContextFactory done
Event: 1.470 loading class org/springframework/core/metrics/ApplicationStartup
Event: 1.470 loading class org/springframework/core/metrics/ApplicationStartup done
Event: 1.470 loading class org/springframework/core/metrics/DefaultApplicationStartup
Event: 1.470 loading class org/springframework/core/metrics/DefaultApplicationStartup done
Event: 1.472 loading class org/springframework/core/metrics/DefaultApplicationStartup$DefaultStartupStep
Event: 1.472 loading class org/springframework/core/metrics/DefaultApplicationStartup$DefaultStartupStep done
Event: 1.472 loading class org/springframework/core/metrics/StartupStep
Event: 1.472 loading class org/springframework/core/metrics/StartupStep done
Event: 1.473 loading class org/springframework/core/metrics/DefaultApplicationStartup$DefaultStartupStep$DefaultTags
Event: 1.473 loading class org/springframework/core/metrics/DefaultApplicationStartup$DefaultStartupStep$DefaultTags done
Event: 1.474 loading class org/springframework/core/metrics/StartupStep$Tags
Event: 1.474 loading class org/springframework/core/metrics/StartupStep$Tags done
Event: 1.475 loading class org/springframework/util/Assert
Event: 1.475 loading class org/springframework/util/Assert done
Event: 1.477 loading class org/springframework/util/ClassUtils
Event: 1.477 loading class org/springframework/util/ClassUtils done


Dynamic libraries:
0x00007ff760010000 - 0x00007ff76001d000 	C:\Users\serge\.jdks\corretto-11.0.13\bin\java.exe
0x00007ffcfe7b0000 - 0x00007ffcfe9a5000 	C:\WINDOWS\SYSTEM32\ntdll.dll
0x00007ffcf7b00000 - 0x00007ffcf7b16000 	C:\Program Files\Avast Software\Avast\aswhook.dll
0x00007ffcfe400000 - 0x00007ffcfe4be000 	C:\WINDOWS\System32\KERNEL32.DLL
0x00007ffcfc480000 - 0x00007ffcfc748000 	C:\WINDOWS\System32\KERNELBASE.dll
0x00007ffcfc1e0000 - 0x00007ffcfc2e0000 	C:\WINDOWS\System32\ucrtbase.dll
0x00007ffccbf50000 - 0x00007ffccbf69000 	C:\Users\serge\.jdks\corretto-11.0.13\bin\VCRUNTIME140.dll
0x00007ffcd1280000 - 0x00007ffcd1297000 	C:\Users\serge\.jdks\corretto-11.0.13\bin\jli.dll
0x00007ffcfcd00000 - 0x00007ffcfcea1000 	C:\WINDOWS\System32\USER32.dll
0x00007ffcfc050000 - 0x00007ffcfc072000 	C:\WINDOWS\System32\win32u.dll
0x00007ffcec510000 - 0x00007ffcec7aa000 	C:\WINDOWS\WinSxS\amd64_microsoft.windows.common-controls_6595b64144ccf1df_6.0.19041.1110_none_60b5254171f9507e\COMCTL32.dll
0x00007ffcfcb80000 - 0x00007ffcfcbab000 	C:\WINDOWS\System32\GDI32.dll
0x00007ffcfc8d0000 - 0x00007ffcfc96e000 	C:\WINDOWS\System32\msvcrt.dll
0x00007ffcfc2e0000 - 0x00007ffcfc3ed000 	C:\WINDOWS\System32\gdi32full.dll
0x00007ffcfc750000 - 0x00007ffcfc7ed000 	C:\WINDOWS\System32\msvcp_win.dll
0x00007ffcfd2c0000 - 0x00007ffcfd2f0000 	C:\WINDOWS\System32\IMM32.DLL
0x00007ffcb9050000 - 0x00007ffcb90eb000 	C:\Users\serge\.jdks\corretto-11.0.13\bin\msvcp140.dll
0x00007ffc53390000 - 0x00007ffc53f0f000 	C:\Users\serge\.jdks\corretto-11.0.13\bin\server\jvm.dll
0x00007ffcfcbd0000 - 0x00007ffcfcc7e000 	C:\WINDOWS\System32\ADVAPI32.dll
0x00007ffcfd8c0000 - 0x00007ffcfd95c000 	C:\WINDOWS\System32\sechost.dll
0x00007ffcfd970000 - 0x00007ffcfda95000 	C:\WINDOWS\System32\RPCRT4.dll
0x00007ffcfd960000 - 0x00007ffcfd968000 	C:\WINDOWS\System32\PSAPI.DLL
0x00007ffcea250000 - 0x00007ffcea259000 	C:\WINDOWS\SYSTEM32\WSOCK32.dll
0x00007ffcec330000 - 0x00007ffcec357000 	C:\WINDOWS\SYSTEM32\WINMM.dll
0x00007ffcfe4c0000 - 0x00007ffcfe52b000 	C:\WINDOWS\System32\WS2_32.dll
0x00007ffcf47d0000 - 0x00007ffcf47da000 	C:\WINDOWS\SYSTEM32\VERSION.dll
0x00007ffcfa790000 - 0x00007ffcfa7a2000 	C:\WINDOWS\SYSTEM32\kernel.appcore.dll
0x00007ffceb5f0000 - 0x00007ffceb600000 	C:\Users\serge\.jdks\corretto-11.0.13\bin\verify.dll
0x00007ffcf06c0000 - 0x00007ffcf08a4000 	C:\WINDOWS\SYSTEM32\DBGHELP.DLL
0x00007ffcf1c30000 - 0x00007ffcf1c5c000 	C:\WINDOWS\SYSTEM32\dbgcore.DLL
0x00007ffcfc3f0000 - 0x00007ffcfc472000 	C:\WINDOWS\System32\bcryptPrimitives.dll
0x00007ffcbd2a0000 - 0x00007ffcbd2c8000 	C:\Users\serge\.jdks\corretto-11.0.13\bin\java.dll
0x00007ffce5cc0000 - 0x00007ffce5cca000 	C:\Users\serge\.jdks\corretto-11.0.13\bin\jimage.dll
0x00007ffcf7900000 - 0x00007ffcf790e000 	C:\Users\serge\.jdks\corretto-11.0.13\bin\instrument.dll
0x00007ffcc3580000 - 0x00007ffcc3597000 	C:\Users\serge\.jdks\corretto-11.0.13\bin\zip.dll
0x00007ffcfdb30000 - 0x00007ffcfe274000 	C:\WINDOWS\System32\SHELL32.dll
0x00007ffcf9f90000 - 0x00007ffcfa725000 	C:\WINDOWS\SYSTEM32\windows.storage.dll
0x00007ffcfcf60000 - 0x00007ffcfd2b5000 	C:\WINDOWS\System32\combase.dll
0x00007ffcfb910000 - 0x00007ffcfb93e000 	C:\WINDOWS\SYSTEM32\Wldp.dll
0x00007ffcfe6c0000 - 0x00007ffcfe76d000 	C:\WINDOWS\System32\SHCORE.dll
0x00007ffcfd3c0000 - 0x00007ffcfd415000 	C:\WINDOWS\System32\shlwapi.dll
0x00007ffcfbe00000 - 0x00007ffcfbe1f000 	C:\WINDOWS\SYSTEM32\profapi.dll
0x00007ffcc1300000 - 0x00007ffcc1319000 	C:\Users\serge\.jdks\corretto-11.0.13\bin\net.dll
0x00007ffcf1020000 - 0x00007ffcf112c000 	C:\WINDOWS\SYSTEM32\WINHTTP.dll
0x00007ffcfb670000 - 0x00007ffcfb6da000 	C:\WINDOWS\system32\mswsock.dll
0x00007ffcbcf00000 - 0x00007ffcbcf12000 	C:\Users\serge\.jdks\corretto-11.0.13\bin\nio.dll
0x00007ffce4e40000 - 0x00007ffce4e5a000 	C:\Program Files\JetBrains\IntelliJ IDEA 2021.3\bin\breakgen64.dll
0x00007ffcfb350000 - 0x00007ffcfb41b000 	C:\WINDOWS\SYSTEM32\DNSAPI.dll
0x00007ffcfb310000 - 0x00007ffcfb34b000 	C:\WINDOWS\SYSTEM32\IPHLPAPI.DLL
0x00007ffcfd8a0000 - 0x00007ffcfd8a8000 	C:\WINDOWS\System32\NSI.dll
0x00007ffcf08e0000 - 0x00007ffcf08ea000 	C:\Windows\System32\rasadhlp.dll
0x00007ffcebf30000 - 0x00007ffcebfaf000 	C:\WINDOWS\System32\fwpuclnt.dll
0x00007ffcfc020000 - 0x00007ffcfc047000 	C:\WINDOWS\System32\bcrypt.dll
0x00007ffcf7680000 - 0x00007ffcf7689000 	C:\Users\serge\.jdks\corretto-11.0.13\bin\management.dll
0x00007ffcf6630000 - 0x00007ffcf663b000 	C:\Users\serge\.jdks\corretto-11.0.13\bin\management_ext.dll
0x00007ffcfb860000 - 0x00007ffcfb878000 	C:\WINDOWS\SYSTEM32\CRYPTSP.dll
0x00007ffcfaf80000 - 0x00007ffcfafb4000 	C:\WINDOWS\system32\rsaenh.dll
0x00007ffcfbdc0000 - 0x00007ffcfbdee000 	C:\WINDOWS\SYSTEM32\USERENV.dll
0x00007ffcfb880000 - 0x00007ffcfb88c000 	C:\WINDOWS\SYSTEM32\CRYPTBASE.dll
0x00007ffcf08b0000 - 0x00007ffcf08c7000 	C:\WINDOWS\SYSTEM32\dhcpcsvc6.DLL
0x00007ffcf1b90000 - 0x00007ffcf1bad000 	C:\WINDOWS\SYSTEM32\dhcpcsvc.DLL
0x00007ffce2be0000 - 0x00007ffce2bf7000 	C:\WINDOWS\system32\napinsp.dll
0x00007ffce2ba0000 - 0x00007ffce2bbb000 	C:\WINDOWS\system32\pnrpnsp.dll
0x00007ffcf69a0000 - 0x00007ffcf69b5000 	C:\WINDOWS\system32\wshbth.dll
0x00007ffcf7600000 - 0x00007ffcf761d000 	C:\WINDOWS\system32\NLAapi.dll
0x00007ffce2b80000 - 0x00007ffce2b92000 	C:\WINDOWS\System32\winrnr.dll

dbghelp: loaded successfully - version: 4.0.5 - missing functions: none
symbol engine: initialized successfully - sym options: 0x614 - pdb path: .;C:\Users\serge\.jdks\corretto-11.0.13\bin;C:\WINDOWS\SYSTEM32;C:\Program Files\Avast Software\Avast;C:\WINDOWS\WinSxS\amd64_microsoft.windows.common-controls_6595b64144ccf1df_6.0.19041.1110_none_60b5254171f9507e;C:\Users\serge\.jdks\corretto-11.0.13\bin\server;C:\Program Files\JetBrains\IntelliJ IDEA 2021.3\bin

VM Arguments:
jvm_args: -XX:TieredStopAtLevel=1 -Xverify:none -Dspring.output.ansi.enabled=always -javaagent:C:\Program Files\JetBrains\IntelliJ IDEA 2021.3\lib\idea_rt.jar=63720:C:\Program Files\JetBrains\IntelliJ IDEA 2021.3\bin -Dcom.sun.management.jmxremote -Dspring.jmx.enabled=true -Dspring.liveBeansView.mbeanDomain -Dspring.application.admin.enabled=true -Dfile.encoding=UTF-8 
java_command: mmsa.sokolserge.courseprojectdb.CourseprojectdbApplication
java_class_path (initial): C:\Users\serge\Desktop\courseprojectdb\target\classes;C:\Users\serge\.m2\repository\org\springframework\boot\spring-boot-starter-data-jpa\2.6.2\spring-boot-starter-data-jpa-2.6.2.jar;C:\Users\serge\.m2\repository\org\springframework\boot\spring-boot-starter-aop\2.6.2\spring-boot-starter-aop-2.6.2.jar;C:\Users\serge\.m2\repository\org\springframework\spring-aop\5.3.14\spring-aop-5.3.14.jar;C:\Users\serge\.m2\repository\org\aspectj\aspectjweaver\1.9.7\aspectjweaver-1.9.7.jar;C:\Users\serge\.m2\repository\org\springframework\boot\spring-boot-starter-jdbc\2.6.2\spring-boot-starter-jdbc-2.6.2.jar;C:\Users\serge\.m2\repository\com\zaxxer\HikariCP\4.0.3\HikariCP-4.0.3.jar;C:\Users\serge\.m2\repository\org\springframework\spring-jdbc\5.3.14\spring-jdbc-5.3.14.jar;C:\Users\serge\.m2\repository\jakarta\transaction\jakarta.transaction-api\1.3.3\jakarta.transaction-api-1.3.3.jar;C:\Users\serge\.m2\repository\jakarta\persistence\jakarta.persistence-api\2.2.3\jakarta.persistence-api-2.2.3.jar;C:\Users\serge\.m2\repository\org\hibernate\hibernate-core\5.6.3.Final\hibernate-core-5.6.3.Final.jar;C:\Users\serge\.m2\repository\org\jboss\logging\jboss-logging\3.4.2.Final\jboss-logging-3.4.2.Final.jar;C:\Users\serge\.m2\repository\net\bytebuddy\byte-buddy\1.11.22\byte-buddy-1.11.22.jar;C:\Users\serge\.m2\repository\antlr\antlr\2.7.7\antlr-2.7.7.jar;C:\Users\serge\.m2\repository\org\jboss\jandex\2.2.3.Final\jandex-2.2.3.Final.jar;C:\Users\serge\.m2\repository\com\fasterxml\classmate\1.5.1\classmate-1.5.1.jar;C:\Users\serge\.m2\repository\org\hibernate\common\hibernate-commons-annotations\5.1.2.Final\hibernate-commons-annotations-5.1.2.Final.jar;C:\Users\serge\.m2\repository\org\glassfish\jaxb\jaxb-runtime\2.3.5\jaxb-runtime-2.3.5.jar;C:\Users\serge\.m2\repository\org\glassfish\jaxb\txw2\2.3.5\txw2-2.3.5.jar;C:\Users\serge\.m2\repository\com\sun\istack\istack-commons-runtime\3.0.12\istack-commons-runtime-3.0.12.jar;C:\Users\serge\.m2\repository\com\sun\activat
Launcher Type: SUN_STANDARD

[Global flags]
     bool BytecodeVerificationLocal                = false                                     {product} {command line}
     bool BytecodeVerificationRemote               = false                                     {product} {command line}
     intx CICompilerCount                          = 4                                         {product} {ergonomic}
     uint ConcGCThreads                            = 2                                         {product} {ergonomic}
     uint G1ConcRefinementThreads                  = 8                                         {product} {ergonomic}
   size_t G1HeapRegionSize                         = 1048576                                   {product} {ergonomic}
    uintx GCDrainStackTargetSize                   = 64                                        {product} {ergonomic}
   size_t InitialHeapSize                          = 134217728                                 {product} {ergonomic}
     bool ManagementServer                         = true                                      {product} {command line}
   size_t MarkStackSize                            = 4194304                                   {product} {ergonomic}
   size_t MaxHeapSize                              = 2124414976                                {product} {ergonomic}
   size_t MaxNewSize                               = 1274019840                                {product} {ergonomic}
   size_t MinHeapDeltaBytes                        = 1048576                                   {product} {ergonomic}
    uintx NonNMethodCodeHeapSize                   = 7549744                                {pd product} {ergonomic}
    uintx NonProfiledCodeHeapSize                  = 244108496                              {pd product} {ergonomic}
    uintx ProfiledCodeHeapSize                     = 0                                      {pd product} {ergonomic}
    uintx ReservedCodeCacheSize                    = 251658240                              {pd product} {ergonomic}
     bool SegmentedCodeCache                       = true                                      {product} {ergonomic}
     intx TieredStopAtLevel                        = 1                                         {product} {command line}
     bool UseCompressedClassPointers               = true                                 {lp64_product} {ergonomic}
     bool UseCompressedOops                        = true                                 {lp64_product} {ergonomic}
     bool UseG1GC                                  = true                                      {product} {ergonomic}
     bool UseLargePagesIndividualAllocation        = false                                  {pd product} {ergonomic}

Logging:
Log output configuration:
 #0: stdout all=warning uptime,level,tags
 #1: stderr all=off uptime,level,tags

Environment Variables:
JAVA_HOME=C:\Java\jdk-8u271-windows-x64.exe
PATH=C:\Program Files (x86)\VMware\VMware Player\bin\;C:\Program Files\AdoptOpenJDK\jdk-8.0.292.10-hotspot\bin;C:\Python39\Scripts\;C:\Python39\;C:\Program Files (x86)\Common Files\Oracle\Java\javapath;C:\Program Files\Java\jdk-11.0.1\bin;C:\ProgramData\Oracle\Java\javapath;C:\WINDOWS\system32;C:\WINDOWS;C:\WINDOWS\System32\Wbem;C:\WINDOWS\System32\WindowsPowerShell\v1.0\;C:\WINDOWS\System32\OpenSSH\;C:\Program Files\Common Files\GeoniCS Shared\;C:\Java\jdk-8u271-windows-x64.exe\bin;C:\Program Files\dotnet\;C:\Program Files\Microsoft SQL Server\130\Tools\Binn\;C:\Program Files\Microsoft SQL Server\Client SDK\ODBC\170\Tools\Binn\;C:\Program Files\Wolfram Research\WolframScript\;C:\Program Files\nodejs\;C:\ProgramData\chocolatey\bin;C:\Program Files\Docker\Docker\resources\bin;C:\ProgramData\DockerDesktop\version-bin;C:\Program Files\Git\cmd;C:\Program Files (x86)\sbt\bin;C:\Windows\System32\WindowsPowerShell\v1.0\;C:\Program Files\Redis\;C:\Users\serge\AppData\Local\Programs\Python\Python37\Scripts\;C:\Users\serge\AppData\Local\Programs\Python\Python37\;C:\Users\serge\AppData\Local\Microsoft\WindowsApps;;C:\Users\serge\AppData\Local\Programs\Microsoft VS Code\bin;C:\Users\serge\.dotnet\tools;C:\Users\serge\AppData\Roaming\npm;C:\Program Files\JetBrains\JetBrains DataSpell 213.4250.391\bin;;C:\Program Files\JetBrains\IntelliJ IDEA 2021.3\bin;
USERNAME=serge
OS=Windows_NT
PROCESSOR_IDENTIFIER=Intel64 Family 6 Model 142 Stepping 10, GenuineIntel



---------------  S Y S T E M  ---------------

OS: Windows 10 , 64 bit Build 19041 (10.0.19041.1466)
OS uptime: 2 days 8:38 hours

CPU:total 8 (initial active 8) (4 cores per cpu, 2 threads per core) family 6 model 142 stepping 10 microcode 0xb4, cmov, cx8, fxsr, mmx, sse, sse2, sse3, ssse3, sse4.1, sse4.2, popcnt, avx, avx2, aes, clmul, erms, 3dnowpref, lzcnt, ht, tsc, tscinvbit, bmi1, bmi2, adx, fma

Memory: 4k page, system-wide physical 8101M (689M free)
TotalPageFile size 14173M (AvailPageFile size 236M)
current process WorkingSet (physical memory assigned to process): 67M, peak: 67M
current process commit charge ("private bytes"): 219M, peak: 219M

vm_info: OpenJDK 64-Bit Server VM (11.0.13+8-LTS) for windows-amd64 JRE (11.0.13+8-LTS), built on Oct 13 2021 21:32:06 by "Administrator" with unknown MS VC++:1916

END.
